<?xml version="1.0" encoding="UTF-8"?>
<!-- Generated by org.testng.reporters.JUnitXMLReporter -->
<testsuite ignored="0" hostname="TYSS-Mohammed-Riza-Washiq" failures="1" tests="1" name="Test" time="12.074" errors="0" timestamp="2024-10-28T14:49:56 IST">
  <testcase classname="testing.orgnisation_with_full" name="orgfull" time="3.749">
    <failure type="java.lang.AssertionError" message="The following asserts failed:
	expected [aa] but found [a]">
      <![CDATA[java.lang.AssertionError: The following asserts failed:
expected [aa] but found [a]
at testing.orgnisation_with_full.orgfull(orgnisation_with_full.java:42)
at java.base/java.util.ArrayList.forEach(ArrayList.java:1597)
... Removed 27 stack frames]]>
    </failure>
  </testcase> <!-- orgfull -->
</testsuite> <!-- Test -->
